2025-11-11 18:47:31,853 - ERROR - ======================================================================
2025-11-11 18:47:31,853 - ERROR - ERROR: Please update THETA_USERNAME and THETA_PASSWORD
2025-11-11 18:47:31,853 - ERROR - ======================================================================
2025-11-11 18:47:31,853 - ERROR - Edit the constants at the top of this script:
2025-11-11 18:47:31,853 - ERROR -   THETA_USERNAME = 'your_username_here'
2025-11-11 18:47:31,854 - ERROR -   THETA_PASSWORD = 'your_password_here'
2025-11-11 18:47:31,854 - ERROR - 
For free tier, use:
2025-11-11 18:47:31,854 - ERROR -   THETA_USERNAME = 'default'
2025-11-11 18:47:31,854 - ERROR -   THETA_PASSWORD = 'default'
2025-11-11 18:47:31,854 - ERROR - ======================================================================
2025-11-11 18:47:59,309 - ERROR - ✗ Cannot connect to Theta Terminal
2025-11-11 18:47:59,309 - ERROR - Make sure it's running: java -jar ThetaTerminal.jar wayleemh@gmail.com CCmonster228!
2025-11-11 18:47:59,309 - ERROR - 
======================================================================
2025-11-11 18:47:59,309 - ERROR - CONNECTION ERROR
2025-11-11 18:47:59,309 - ERROR - ======================================================================
2025-11-11 18:47:59,309 - ERROR - Cannot connect to Theta Terminal. Start it with: java -jar ThetaTerminal.jar wayleemh@gmail.com CCmonster228!
2025-11-11 18:47:59,310 - ERROR - 
Make sure Theta Terminal is running:
2025-11-11 18:47:59,310 - ERROR -   java -jar ThetaTerminal.jar wayleemh@gmail.com CCmonster228!
2025-11-11 18:47:59,310 - ERROR - ======================================================================
2025-11-11 18:48:41,333 - ERROR - ✗ Cannot connect to Theta Terminal
2025-11-11 18:48:41,333 - ERROR - Make sure it's running: java -jar ThetaTerminal.jar wayleemh@gmail.com CCmonster228!
2025-11-11 18:48:41,333 - ERROR - 
======================================================================
2025-11-11 18:48:41,333 - ERROR - CONNECTION ERROR
2025-11-11 18:48:41,334 - ERROR - ======================================================================
2025-11-11 18:48:41,334 - ERROR - Cannot connect to Theta Terminal. Start it with: java -jar ThetaTerminal.jar wayleemh@gmail.com CCmonster228!
2025-11-11 18:48:41,334 - ERROR - 
Make sure Theta Terminal is running:
2025-11-11 18:48:41,334 - ERROR -   java -jar ThetaTerminal.jar wayleemh@gmail.com CCmonster228!
2025-11-11 18:48:41,334 - ERROR - ======================================================================
